<?xml version="1.0" encoding="UTF-8"?>
<!-- Generated by org.testng.reporters.JUnitReportReporter -->
<testsuite skipped="0" hostname="TYSS-MF-033" name="cucumberRun.RunCucumberTest" tests="1" failures="0" timestamp="11 Sep 2017 13:20:25 GMT" time="27.269" errors="0">
  <testcase name="feature" time="27.269" classname="cucumberRun.RunCucumberTest"/>
</testsuite> <!-- cucumberRun.RunCucumberTest -->
